<?xml version="1.0" encoding="UTF-8"?>
<!-- Generated by org.testng.reporters.JUnitXMLReporter -->
<testsuite hostname="Gotu-PC" ignored="0" name="Command line test" tests="4" failures="0" timestamp="02 Oct 2018 09:25:17 GMT" time="92.635" errors="0">
  <testcase name="test1" time="2.201" classname="com.pru.test.TestCase1"/>
  <testcase name="test2" time="9.224" classname="com.pru.test.TestCase1"/>
  <testcase name="test3" time="10.126" classname="com.pru.test.TestCase1"/>
  <testcase name="test4" time="6.704" classname="com.pru.test.TestCase1"/>
</testsuite> <!-- Command line test -->
